<?xml version="1.0" encoding="UTF-8"?>
<testng-results skipped="0" failed="0" total="1" passed="1">
  <reporter-output>
  </reporter-output>
  <suite name="Default suite" duration-ms="35315" started-at="2019-12-09T09:30:12Z" finished-at="2019-12-09T09:30:48Z">
    <groups>
    </groups>
    <test name="Default test" duration-ms="35315" started-at="2019-12-09T09:30:12Z" finished-at="2019-12-09T09:30:48Z">
      <class name="first1.Test99GuruLogin">
        <test-method status="PASS" signature="setup()[pri:0, instance:first1.Test99GuruLogin@2d6a9952]" name="setup" is-config="true" duration-ms="27957" started-at="2019-12-09T15:00:12Z" finished-at="2019-12-09T15:00:40Z">
          <reporter-output>
          </reporter-output>
        </test-method> <!-- setup -->
        <test-method status="PASS" signature="test_Home_Page_Appear_Correct()[pri:0, instance:first1.Test99GuruLogin@2d6a9952]" name="test_Home_Page_Appear_Correct" duration-ms="7337" started-at="2019-12-09T15:00:40Z" finished-at="2019-12-09T15:00:48Z">
          <reporter-output>
          </reporter-output>
        </test-method> <!-- test_Home_Page_Appear_Correct -->
      </class> <!-- first1.Test99GuruLogin -->
    </test> <!-- Default test -->
  </suite> <!-- Default suite -->
</testng-results>
